Using pre-set license
Built from '2020.3/staging' branch; Version is '2020.3.3f1 (76626098c1c4) revision 7758432'; Using compiler version '192528614'; Build Type 'Release'
OS: 'Windows 10 Home; OS build 19042.928; Version 2009; 64bit' Language: 'en' Physical Memory: 16235 MB
BatchMode: 1, IsHumanControllingUs: 0, StartBugReporterOnCrash: 0, Is64bit: 1, IsPro: 0

 COMMAND LINE ARGUMENTS:
C:\Program Files\Unity\Hub\Editor\2020.3.3f1\Editor\Unity.exe
-adb2
-batchMode
-noUpm
-name
AssetImportWorker0
-projectPath
C:/Users/neptu/Desktop/old unity/TheEvilIsYou-master/Ex 42
-logFile
Logs/AssetImportWorker0.log
-srvPort
51283
Successfully changed project path to: C:/Users/neptu/Desktop/old unity/TheEvilIsYou-master/Ex 42
C:/Users/neptu/Desktop/old unity/TheEvilIsYou-master/Ex 42
Using Asset Import Pipeline V2.
Refreshing native plugins compatible for Editor in 5282.76 ms, found 0 plugins.
Preloading 0 native plugins for Editor in 0.00 ms.
Initialize engine version: 2020.3.3f1 (76626098c1c4)
[Subsystems] Discovering subsystems at path C:/Program Files/Unity/Hub/Editor/2020.3.3f1/Editor/Data/Resources/UnitySubsystems
[Subsystems] Discovering subsystems at path C:/Users/neptu/Desktop/old unity/TheEvilIsYou-master/Ex 42/Assets
GfxDevice: creating device client; threaded=0
Direct3D:
    Version:  Direct3D 11.0 [level 11.1]
    Renderer: NVIDIA GeForce RTX 2060 (ID=0x1f11)
    Vendor:   
    VRAM:     5980 MB
    Driver:   27.21.14.6140
Initialize mono
Mono path[0] = 'C:/Program Files/Unity/Hub/Editor/2020.3.3f1/Editor/Data/Managed'
Mono path[1] = 'C:/Program Files/Unity/Hub/Editor/2020.3.3f1/Editor/Data/MonoBleedingEdge/lib/mono/unityjit'
Mono config path = 'C:/Program Files/Unity/Hub/Editor/2020.3.3f1/Editor/Data/MonoBleedingEdge/etc'
Using monoOptions --debugger-agent=transport=dt_socket,embedding=1,server=y,suspend=n,address=127.0.0.1:56304
Begin MonoManager ReloadAssembly
Registering precompiled unity dll's ...
Register platform support module: C:/Program Files/Unity/Hub/Editor/2020.3.3f1/Editor/Data/PlaybackEngines/WindowsStandaloneSupport/UnityEditor.WindowsStandalone.Extensions.dll
Registered in 0.005217 seconds.
Native extension for WindowsStandalone target not found
Refreshing native plugins compatible for Editor in 113.97 ms, found 0 plugins.
Preloading 0 native plugins for Editor in 0.00 ms.
Invoked RoslynAnalysisRunner static constructor.
RoslynAnalysisRunner will not be running.
RoslynAnalysisRunner has terminated.
Mono: successfully reloaded assembly
- Completed reload, in  3.299 seconds
Platform modules already initialized, skipping
Registering precompiled user dll's ...
Registered in 0.006258 seconds.
Begin MonoManager ReloadAssembly
Native extension for WindowsStandalone target not found
Refreshing native plugins compatible for Editor in 127.05 ms, found 0 plugins.
Preloading 0 native plugins for Editor in 0.00 ms.
Invoked RoslynAnalysisRunner static constructor.
RoslynAnalysisRunner will not be running.
RoslynAnalysisRunner has terminated.
Mono: successfully reloaded assembly
- Completed reload, in  2.317 seconds
Platform modules already initialized, skipping
========================================================================
Worker process is ready to serve import requests
Shader 'Universal Render Pipeline/Particles/Lit': fallback shader 'Universal Render Pipeline/Particles/SimpleLit' not found
Shader 'Universal Render Pipeline/Particles/Lit': fallback shader 'Universal Render Pipeline/Particles/SimpleLit' not found
Launched and connected shader compiler UnityShaderCompiler.exe after 0.14 seconds
Refreshing native plugins compatible for Editor in 1.75 ms, found 0 plugins.
Preloading 0 native plugins for Editor in 0.00 ms.
Unloading 2758 Unused Serialized files (Serialized files now loaded: 0)
System memory in use before: 129.1 MB.
System memory in use after: 127.7 MB.

Unloading 34 unused Assets to reduce memory usage. Loaded Objects now: 3184.
Total: 9.060300 ms (FindLiveObjects: 0.644300 ms CreateObjectMapping: 0.442100 ms MarkObjects: 5.153700 ms  DeleteObjects: 2.816000 ms)

========================================================================
Received Import Request.
  path: Assets/Readme.asset
  artifactKey: Guid(83c2ed844a8c74b779a4c823d16594b1) Importer(815301076,1909f56bfc062723c751e8b465ee728b)
Start importing Assets/Readme.asset using Guid(83c2ed844a8c74b779a4c823d16594b1) Importer(815301076,1909f56bfc062723c751e8b465ee728b)  -> (artifact id: '495806f31ea2c896f2a6e8f8c06ee7fa') in 0.078474 seconds
  Import took 0.088527 seconds .

========================================================================
Received Prepare
Registering precompiled user dll's ...
Registered in 0.001757 seconds.
Begin MonoManager ReloadAssembly
Native extension for WindowsStandalone target not found
Refreshing native plugins compatible for Editor in 0.73 ms, found 0 plugins.
Preloading 0 native plugins for Editor in 0.00 ms.
Invoked RoslynAnalysisRunner static constructor.
RoslynAnalysisRunner will not be running.
RoslynAnalysisRunner has terminated.
Mono: successfully reloaded assembly
- Completed reload, in  0.907 seconds
Platform modules already initialized, skipping
Shader 'Universal Render Pipeline/Particles/Lit': fallback shader 'Universal Render Pipeline/Particles/SimpleLit' not found
Shader 'Universal Render Pipeline/Particles/Lit': fallback shader 'Universal Render Pipeline/Particles/SimpleLit' not found
Refreshing native plugins compatible for Editor in 0.65 ms, found 0 plugins.
Preloading 0 native plugins for Editor in 0.00 ms.
Unloading 2662 Unused Serialized files (Serialized files now loaded: 0)
System memory in use before: 124.8 MB.
System memory in use after: 123.4 MB.

Unloading 29 unused Assets to reduce memory usage. Loaded Objects now: 3187.
Total: 5.597700 ms (FindLiveObjects: 0.458100 ms CreateObjectMapping: 0.249500 ms MarkObjects: 3.493000 ms  DeleteObjects: 1.394300 ms)

========================================================================
Received Import Request.
  Time since last request: 943.096494 seconds.
  path: Assets/Elina.controller
  artifactKey: Guid(176b57ed50020d94392dc3b8e2b7a210) Importer(815301076,1909f56bfc062723c751e8b465ee728b)
Start importing Assets/Elina.controller using Guid(176b57ed50020d94392dc3b8e2b7a210) Importer(815301076,1909f56bfc062723c751e8b465ee728b)  -> (artifact id: 'b02cf1f01ea853f319d5a78ad34916cf') in 0.044237 seconds
  Import took 0.048769 seconds .

========================================================================
Received Import Request.
  Time since last request: 15.500003 seconds.
  path: Assets/Elina
  artifactKey: Guid(1fb33e02040fe0f4aa08fbf759b1724a) Importer(815301076,1909f56bfc062723c751e8b465ee728b)
Start importing Assets/Elina using Guid(1fb33e02040fe0f4aa08fbf759b1724a) Importer(815301076,1909f56bfc062723c751e8b465ee728b)  -> (artifact id: '7d0e855107e576e227e0ad06eac484db') in 0.002107 seconds
  Import took 0.005989 seconds .

========================================================================
Received Import Request.
  Time since last request: 0.004224 seconds.
  path: Assets/Elina
  artifactKey: Guid(1fb33e02040fe0f4aa08fbf759b1724a) Importer(815301076,1909f56bfc062723c751e8b465ee728b)
Start importing Assets/Elina using Guid(1fb33e02040fe0f4aa08fbf759b1724a) Importer(815301076,1909f56bfc062723c751e8b465ee728b)  -> (artifact id: '7d0e855107e576e227e0ad06eac484db') in 0.002253 seconds
  Import took 0.006611 seconds .

========================================================================
Received Import Request.
  Time since last request: 0.097553 seconds.
  path: Assets/Elina/Elina.prefab
  artifactKey: Guid(3720126e14818744f9b20947aee29698) Importer(815301076,1909f56bfc062723c751e8b465ee728b)
Start importing Assets/Elina/Elina.prefab using Guid(3720126e14818744f9b20947aee29698) Importer(815301076,1909f56bfc062723c751e8b465ee728b)  -> (artifact id: '135aa98469c91791d29d353cf6dd4b87') in 0.409730 seconds
  Import took 0.416014 seconds .

========================================================================
Received Prepare
Registering precompiled user dll's ...
Registered in 0.001760 seconds.
Begin MonoManager ReloadAssembly
Native extension for WindowsStandalone target not found
Refreshing native plugins compatible for Editor in 0.63 ms, found 0 plugins.
Preloading 0 native plugins for Editor in 0.00 ms.
Invoked RoslynAnalysisRunner static constructor.
RoslynAnalysisRunner will not be running.
RoslynAnalysisRunner has terminated.
Mono: successfully reloaded assembly
- Completed reload, in  0.911 seconds
Platform modules already initialized, skipping
Shader 'Universal Render Pipeline/Particles/Lit': fallback shader 'Universal Render Pipeline/Particles/SimpleLit' not found
Shader 'Universal Render Pipeline/Particles/Lit': fallback shader 'Universal Render Pipeline/Particles/SimpleLit' not found
Refreshing native plugins compatible for Editor in 0.65 ms, found 0 plugins.
Preloading 0 native plugins for Editor in 0.00 ms.
Unloading 2662 Unused Serialized files (Serialized files now loaded: 0)
System memory in use before: 143.7 MB.
System memory in use after: 142.2 MB.

Unloading 29 unused Assets to reduce memory usage. Loaded Objects now: 3236.
Total: 3.177500 ms (FindLiveObjects: 0.275200 ms CreateObjectMapping: 0.157000 ms MarkObjects: 1.810700 ms  DeleteObjects: 0.933500 ms)

AssetImportWorkerClient::OnTransportError - code=2 error=End of file
